Problem no. 1:
Number of groups: 6.
Players per group: 5.
Number of weeks: 6.

Variables: 5130
Clauses: 252890
Searching for a solution...
A solution was found in 523.493s.
Restarts: 14715, decisions: 13317698, propagations: 821876048

+------+---------------+---------------+----------------+----------------+----------------+----------------+
| Week |    Group 1    |    Group 2    |    Group 3     |    Group 4     |    Group 5     |    Group 6     |
+------+---------------+---------------+----------------+----------------+----------------+----------------+
|  1   |   1,2,3,4,5   |   6,7,8,9,10  | 11,12,13,14,15 | 16,17,18,19,20 | 21,22,23,24,25 | 26,27,28,29,30 |
|  2   | 1,11,17,23,30 | 2,10,12,20,24 |  3,9,14,19,26  |  4,6,16,21,28  |  5,8,15,22,27  | 7,13,18,25,29  |
|  3   | 1,14,20,25,28 |  2,7,16,22,26 | 3,10,15,18,23  |  4,9,11,24,27  |  5,6,12,17,29  | 8,13,19,21,30  |
|  4   | 1,10,13,16,27 |  2,6,15,19,25 |  3,7,17,24,28  |  4,8,14,23,29  | 5,11,20,21,26  | 9,12,18,22,30  |
|  5   |  1,6,18,24,26 | 2,14,17,21,27 |  3,8,12,16,25  |  4,7,15,20,30  |  5,9,13,23,28  | 10,11,19,22,29 |
|  6   |  1,9,15,21,29 |  2,8,11,18,28 |  3,6,13,20,22  | 4,10,17,25,26  | 5,14,16,24,30  | 7,12,19,23,27  |
+------+---------------+---------------+----------------+----------------+----------------+----------------+
+-----+---+---+---+---+---+---+---+---+---+----+----+----+----+----+----+----+----+----+----+----+----+----+----+----+----+----+----+----+----+----+
| W\P | 1 | 2 | 3 | 4 | 5 | 6 | 7 | 8 | 9 | 10 | 11 | 12 | 13 | 14 | 15 | 16 | 17 | 18 | 19 | 20 | 21 | 22 | 23 | 24 | 25 | 26 | 27 | 28 | 29 | 30 |
+-----+---+---+---+---+---+---+---+---+---+----+----+----+----+----+----+----+----+----+----+----+----+----+----+----+----+----+----+----+----+----+
|  1  | 1 | 1 | 1 | 1 | 1 | 2 | 2 | 2 | 2 | 2  | 3  | 3  | 3  | 3  | 3  | 4  | 4  | 4  | 4  | 4  | 5  | 5  | 5  | 5  | 5  | 6  | 6  | 6  | 6  | 6  |
|  2  | 1 | 2 | 3 | 4 | 5 | 4 | 6 | 5 | 3 | 2  | 1  | 2  | 6  | 3  | 5  | 4  | 1  | 6  | 3  | 2  | 4  | 5  | 1  | 2  | 6  | 3  | 5  | 4  | 6  | 1  |
|  3  | 1 | 2 | 3 | 4 | 5 | 5 | 2 | 6 | 4 | 3  | 4  | 5  | 6  | 1  | 3  | 2  | 5  | 3  | 6  | 1  | 6  | 2  | 3  | 4  | 1  | 2  | 4  | 1  | 5  | 6  |
|  4  | 1 | 2 | 3 | 4 | 5 | 2 | 3 | 4 | 6 | 1  | 5  | 6  | 1  | 4  | 2  | 1  | 3  | 6  | 2  | 5  | 5  | 6  | 4  | 3  | 2  | 5  | 1  | 3  | 4  | 6  |
|  5  | 1 | 2 | 3 | 4 | 5 | 1 | 4 | 3 | 5 | 6  | 6  | 3  | 5  | 2  | 4  | 3  | 2  | 1  | 6  | 4  | 2  | 6  | 5  | 1  | 3  | 1  | 2  | 5  | 6  | 4  |
|  6  | 1 | 2 | 3 | 4 | 5 | 3 | 6 | 2 | 1 | 4  | 2  | 6  | 3  | 5  | 1  | 5  | 4  | 2  | 6  | 3  | 1  | 3  | 6  | 5  | 4  | 4  | 6  | 2  | 1  | 5  |
+-----+---+---+---+---+---+---+---+---+---+----+----+----+----+----+----+----+----+----+----+----+----+----+----+----+----+----+----+----+----+----+
Checking validation of the solution...
Valid solution.

Result added to Excel file: /home/kieuvantuyen2112/out/results_2024-07-18.xlsx

------------------------------------------------------------------------------------------------------------------------
Problem no. 1:
Number of groups: 6.
Players per group: 5.
Number of weeks: 6.

Variables: 9480
Clauses: 252680
Searching for a solution...
Problem no. 1:
Number of groups: 6.
Players per group: 5.
Number of weeks: 6.

Variables: 7500
Clauses: 251480
Searching for a solution...
Problem no. 1:
Number of groups: 6.
Players per group: 5.
Number of weeks: 6.

Variables: 7500
Clauses: 251480
Searching for a solution...
Problem no. 1:
Number of groups: 6.
Players per group: 5.
Number of weeks: 6.

Variables: 7500
Clauses: 251480
Searching for a solution...
A solution was found in 23.693s.
Restarts: 2387, decisions: 1328781, propagations: 143462076

+------+---------------+---------------+----------------+----------------+----------------+----------------+
| Week |    Group 1    |    Group 2    |    Group 3     |    Group 4     |    Group 5     |    Group 6     |
+------+---------------+---------------+----------------+----------------+----------------+----------------+
|  1   |   1,2,3,4,5   |   6,7,8,9,10  | 11,12,13,14,15 | 16,17,18,19,20 | 21,22,23,24,25 | 26,27,28,29,30 |
|  2   | 1,11,19,22,28 |  2,6,13,24,26 |  3,9,14,20,29  |  4,7,12,18,25  | 5,10,17,23,27  | 8,15,16,21,30  |
|  3   |  1,6,20,25,30 | 2,10,15,22,29 |  3,8,13,18,23  |  4,9,11,17,26  | 5,12,16,24,28  | 7,14,19,21,27  |
|  4   |  1,7,13,17,29 |  2,9,18,21,28 | 3,10,11,24,30  |  4,6,14,16,23  | 5,15,19,25,26  | 8,12,20,22,27  |
|  5   | 1,10,12,21,26 |  2,7,11,20,23 |  3,6,15,17,28  |  4,8,19,24,29  | 5,14,18,22,30  | 9,13,16,25,27  |
|  6   | 1,15,18,24,27 |  2,8,14,17,25 |  3,7,16,22,26  | 4,10,13,20,28  |  5,6,11,21,29  | 9,12,19,23,30  |
+------+---------------+---------------+----------------+----------------+----------------+----------------+
+-----+---+---+---+---+---+---+---+---+---+----+----+----+----+----+----+----+----+----+----+----+----+----+----+----+----+----+----+----+----+----+
| W\P | 1 | 2 | 3 | 4 | 5 | 6 | 7 | 8 | 9 | 10 | 11 | 12 | 13 | 14 | 15 | 16 | 17 | 18 | 19 | 20 | 21 | 22 | 23 | 24 | 25 | 26 | 27 | 28 | 29 | 30 |
+-----+---+---+---+---+---+---+---+---+---+----+----+----+----+----+----+----+----+----+----+----+----+----+----+----+----+----+----+----+----+----+
|  1  | 1 | 1 | 1 | 1 | 1 | 2 | 2 | 2 | 2 | 2  | 3  | 3  | 3  | 3  | 3  | 4  | 4  | 4  | 4  | 4  | 5  | 5  | 5  | 5  | 5  | 6  | 6  | 6  | 6  | 6  |
|  2  | 1 | 2 | 3 | 4 | 5 | 2 | 4 | 6 | 3 | 5  | 1  | 4  | 2  | 3  | 6  | 6  | 5  | 4  | 1  | 3  | 6  | 1  | 5  | 2  | 4  | 2  | 5  | 1  | 3  | 6  |
|  3  | 1 | 2 | 3 | 4 | 5 | 1 | 6 | 3 | 4 | 2  | 4  | 5  | 3  | 6  | 2  | 5  | 4  | 3  | 6  | 1  | 6  | 2  | 3  | 5  | 1  | 4  | 6  | 5  | 2  | 1  |
|  4  | 1 | 2 | 3 | 4 | 5 | 4 | 1 | 6 | 2 | 3  | 3  | 6  | 1  | 4  | 5  | 4  | 1  | 2  | 5  | 6  | 2  | 6  | 4  | 3  | 5  | 5  | 6  | 2  | 1  | 3  |
|  5  | 1 | 2 | 3 | 4 | 5 | 3 | 2 | 4 | 6 | 1  | 2  | 1  | 6  | 5  | 3  | 6  | 3  | 5  | 4  | 2  | 1  | 5  | 2  | 4  | 6  | 1  | 6  | 3  | 4  | 5  |
|  6  | 1 | 2 | 3 | 4 | 5 | 5 | 3 | 2 | 6 | 4  | 5  | 6  | 4  | 2  | 1  | 3  | 2  | 1  | 6  | 4  | 5  | 3  | 6  | 1  | 2  | 3  | 1  | 4  | 5  | 6  |
+-----+---+---+---+---+---+---+---+---+---+----+----+----+----+----+----+----+----+----+----+----+----+----+----+----+----+----+----+----+----+----+
Checking validation of the solution...
Valid solution.

Result added to Excel file: /home/kieuvantuyen2112/out/results_2024-07-18.xlsx

------------------------------------------------------------------------------------------------------------------------
Problem no. 1:
Number of groups: 6.
Players per group: 5.
Number of weeks: 5.

Variables: 6036
Clauses: 169864
Searching for a solution...
A solution was found in 517.780s.
Restarts: 23054, decisions: 12007020, propagations: 1425891335

+------+---------------+---------------+----------------+----------------+----------------+----------------+
| Week |    Group 1    |    Group 2    |    Group 3     |    Group 4     |    Group 5     |    Group 6     |
+------+---------------+---------------+----------------+----------------+----------------+----------------+
|  1   |   1,2,3,4,5   |   6,7,8,9,10  | 11,12,13,14,15 | 16,17,18,19,20 | 21,22,23,24,25 | 26,27,28,29,30 |
|  2   | 1,13,20,25,26 | 2,10,15,19,23 |  3,6,18,21,29  |  4,9,14,22,28  |  5,7,11,16,27  | 8,12,17,24,30  |
|  3   | 1,11,18,24,28 |  2,9,12,16,29 | 3,10,20,22,30  |  4,7,15,21,26  |  5,8,14,19,25  | 6,13,17,23,27  |
|  4   |  1,7,17,22,29 |  2,8,13,21,28 | 3,14,16,23,26  |  4,6,11,19,30  |  5,9,15,20,24  | 10,12,18,25,27 |
|  5   |  1,9,19,21,27 |  2,7,14,18,30 | 3,15,17,25,28  | 4,10,13,16,24  |  5,6,12,22,26  | 8,11,20,23,29  |
+------+---------------+---------------+----------------+----------------+----------------+----------------+
+-----+---+---+---+---+---+---+---+---+---+----+----+----+----+----+----+----+----+----+----+----+----+----+----+----+----+----+----+----+----+----+
| W\P | 1 | 2 | 3 | 4 | 5 | 6 | 7 | 8 | 9 | 10 | 11 | 12 | 13 | 14 | 15 | 16 | 17 | 18 | 19 | 20 | 21 | 22 | 23 | 24 | 25 | 26 | 27 | 28 | 29 | 30 |
+-----+---+---+---+---+---+---+---+---+---+----+----+----+----+----+----+----+----+----+----+----+----+----+----+----+----+----+----+----+----+----+
|  1  | 1 | 1 | 1 | 1 | 1 | 2 | 2 | 2 | 2 | 2  | 3  | 3  | 3  | 3  | 3  | 4  | 4  | 4  | 4  | 4  | 5  | 5  | 5  | 5  | 5  | 6  | 6  | 6  | 6  | 6  |
|  2  | 1 | 2 | 3 | 4 | 5 | 3 | 5 | 6 | 4 | 2  | 5  | 6  | 1  | 4  | 2  | 5  | 6  | 3  | 2  | 1  | 3  | 4  | 2  | 6  | 1  | 1  | 5  | 4  | 3  | 6  |
|  3  | 1 | 2 | 3 | 4 | 5 | 6 | 4 | 5 | 2 | 3  | 1  | 2  | 6  | 5  | 4  | 2  | 6  | 1  | 5  | 3  | 4  | 3  | 6  | 1  | 5  | 4  | 6  | 1  | 2  | 3  |
|  4  | 1 | 2 | 3 | 4 | 5 | 4 | 1 | 2 | 5 | 6  | 4  | 6  | 2  | 3  | 5  | 3  | 1  | 6  | 4  | 5  | 2  | 1  | 3  | 5  | 6  | 3  | 6  | 2  | 1  | 4  |
|  5  | 1 | 2 | 3 | 4 | 5 | 5 | 2 | 6 | 1 | 4  | 6  | 5  | 4  | 2  | 3  | 4  | 3  | 2  | 1  | 6  | 1  | 5  | 6  | 4  | 3  | 5  | 1  | 3  | 6  | 2  |
+-----+---+---+---+---+---+---+---+---+---+----+----+----+----+----+----+----+----+----+----+----+----+----+----+----+----+----+----+----+----+----+
Checking validation of the solution...
Valid solution.

Result added to Excel file: /home/kieuvantuyen2112/out/results_2024-07-18.xlsx

------------------------------------------------------------------------------------------------------------------------
Problem no. 1:
Number of groups: 6.
Players per group: 5.
Number of weeks: 4.

Variables: 4572
Clauses: 103908
Searching for a solution...
A solution was found in 0.033s.
Restarts: 16, decisions: 4901, propagations: 330842

+------+--------------+---------------+----------------+----------------+----------------+----------------+
| Week |   Group 1    |    Group 2    |    Group 3     |    Group 4     |    Group 5     |    Group 6     |
+------+--------------+---------------+----------------+----------------+----------------+----------------+
|  1   |  1,2,3,4,5   |   6,7,8,9,10  | 11,12,13,14,15 | 16,17,18,19,20 | 21,22,23,24,25 | 26,27,28,29,30 |
|  2   | 1,8,18,21,28 | 2,10,15,24,30 | 3,14,20,25,29  |  4,6,11,17,22  |  5,9,13,19,27  | 7,12,16,23,26  |
|  3   | 1,7,15,22,27 |  2,9,12,18,25 | 3,11,19,24,28  |  4,8,14,16,30  | 5,10,17,23,29  | 6,13,20,21,26  |
|  4   | 1,9,14,24,26 |  2,7,13,17,28 |  3,6,18,23,30  | 4,15,19,21,29  |  5,8,12,20,22  | 10,11,16,25,27 |
+------+--------------+---------------+----------------+----------------+----------------+----------------+
+-----+---+---+---+---+---+---+---+---+---+----+----+----+----+----+----+----+----+----+----+----+----+----+----+----+----+----+----+----+----+----+
| W\P | 1 | 2 | 3 | 4 | 5 | 6 | 7 | 8 | 9 | 10 | 11 | 12 | 13 | 14 | 15 | 16 | 17 | 18 | 19 | 20 | 21 | 22 | 23 | 24 | 25 | 26 | 27 | 28 | 29 | 30 |
+-----+---+---+---+---+---+---+---+---+---+----+----+----+----+----+----+----+----+----+----+----+----+----+----+----+----+----+----+----+----+----+
|  1  | 1 | 1 | 1 | 1 | 1 | 2 | 2 | 2 | 2 | 2  | 3  | 3  | 3  | 3  | 3  | 4  | 4  | 4  | 4  | 4  | 5  | 5  | 5  | 5  | 5  | 6  | 6  | 6  | 6  | 6  |
|  2  | 1 | 2 | 3 | 4 | 5 | 4 | 6 | 1 | 5 | 2  | 4  | 6  | 5  | 3  | 2  | 6  | 4  | 1  | 5  | 3  | 1  | 4  | 6  | 2  | 3  | 6  | 5  | 1  | 3  | 2  |
|  3  | 1 | 2 | 3 | 4 | 5 | 6 | 1 | 4 | 2 | 5  | 3  | 2  | 6  | 4  | 1  | 4  | 5  | 2  | 3  | 6  | 6  | 1  | 5  | 3  | 2  | 6  | 1  | 3  | 5  | 4  |
|  4  | 1 | 2 | 3 | 4 | 5 | 3 | 2 | 5 | 1 | 6  | 6  | 5  | 2  | 1  | 4  | 6  | 2  | 3  | 4  | 5  | 4  | 5  | 3  | 1  | 6  | 1  | 6  | 2  | 4  | 3  |
+-----+---+---+---+---+---+---+---+---+---+----+----+----+----+----+----+----+----+----+----+----+----+----+----+----+----+----+----+----+----+----+
Checking validation of the solution...
Valid solution.

Result added to Excel file: /home/kieuvantuyen2112/out/results_2024-07-18.xlsx

------------------------------------------------------------------------------------------------------------------------
Problem no. 2:
Number of groups: 6.
Players per group: 5.
Number of weeks: 7.

Variables: 8964
Clauses: 348756
Searching for a solution...
Time limit exceeded (600s).

Result added to Excel file: /home/kieuvantuyen2112/out/results_2024-07-18.xlsx

------------------------------------------------------------------------------------------------------------------------
Problem no. 1:
Number of groups: 3.
Players per group: 2.
Number of weeks: 2.

Problem no. 1:
Number of groups: 3.
Players per group: 2.
Number of weeks: 2.

Problem no. 1:
Number of groups: 6.
Players per group: 5.
Number of weeks: 4.

Problem no. 1:
Number of groups: 8.
Players per group: 4.
Number of weeks: 7.

Problem no. 1:
Number of groups: 8.
Players per group: 4.
Number of weeks: 7.

Variables: 7456
Clauses: 693912
Searching for a solution...
A solution was found in 0.681s.
Restarts: 88, decisions: 45024, propagations: 2658153

+------+------------+------------+------------+-------------+-------------+-------------+-------------+-------------+
| Week |  Group 1   |  Group 2   |  Group 3   |   Group 4   |   Group 5   |   Group 6   |   Group 7   |   Group 8   |
+------+------------+------------+------------+-------------+-------------+-------------+-------------+-------------+
|  1   |  1,2,3,4   |  5,6,7,8   | 9,10,11,12 | 13,14,15,16 | 17,18,19,20 | 21,22,23,24 | 25,26,27,28 | 29,30,31,32 |
|  2   | 1,8,11,27  | 2,10,23,32 | 3,6,19,21  |  4,16,25,29 | 15,20,22,31 |  7,9,17,30  |  5,14,18,26 | 12,13,24,28 |
|  3   | 1,10,24,25 | 2,13,18,31 | 3,8,14,30  |  4,17,23,26 |  5,11,19,29 |  9,16,20,21 |  7,15,28,32 |  6,12,22,27 |
|  4   | 1,9,26,31  | 2,7,11,25  | 3,18,22,28 |  4,12,21,32 |  5,10,16,17 |  8,13,19,23 | 15,24,27,30 |  6,14,20,29 |
|  5   | 1,6,17,28  | 2,9,22,29  | 3,5,23,27  |  4,7,13,20  | 16,19,24,32 |  8,10,15,26 | 12,14,25,31 | 11,18,21,30 |
|  6   | 1,12,16,18 | 2,6,26,30  | 3,11,20,32 |  4,8,24,31  |  7,10,19,22 |  9,14,23,28 | 13,17,27,29 |  5,15,21,25 |
|  7   | 1,5,13,22  | 2,8,12,20  | 3,7,16,26  |  4,19,28,30 | 10,21,27,31 | 15,18,23,29 | 11,14,17,24 |  6,9,25,32  |
+------+------------+------------+------------+-------------+-------------+-------------+-------------+-------------+
+-----+---+---+---+---+---+---+---+---+---+----+----+----+----+----+----+----+----+----+----+----+----+----+----+----+----+----+----+----+----+----+----+----+
| W\P | 1 | 2 | 3 | 4 | 5 | 6 | 7 | 8 | 9 | 10 | 11 | 12 | 13 | 14 | 15 | 16 | 17 | 18 | 19 | 20 | 21 | 22 | 23 | 24 | 25 | 26 | 27 | 28 | 29 | 30 | 31 | 32 |
+-----+---+---+---+---+---+---+---+---+---+----+----+----+----+----+----+----+----+----+----+----+----+----+----+----+----+----+----+----+----+----+----+----+
|  1  | 1 | 1 | 1 | 1 | 2 | 2 | 2 | 2 | 3 | 3  | 3  | 3  | 4  | 4  | 4  | 4  | 5  | 5  | 5  | 5  | 6  | 6  | 6  | 6  | 7  | 7  | 7  | 7  | 8  | 8  | 8  | 8  |
|  2  | 1 | 2 | 3 | 4 | 7 | 3 | 6 | 1 | 6 | 2  | 1  | 8  | 8  | 7  | 5  | 4  | 6  | 7  | 3  | 5  | 3  | 5  | 2  | 8  | 4  | 7  | 1  | 8  | 4  | 6  | 5  | 2  |
|  3  | 1 | 2 | 3 | 4 | 5 | 8 | 7 | 3 | 6 | 1  | 5  | 8  | 2  | 3  | 7  | 6  | 4  | 2  | 5  | 6  | 6  | 8  | 4  | 1  | 1  | 4  | 8  | 7  | 5  | 3  | 2  | 7  |
|  4  | 1 | 2 | 3 | 4 | 5 | 8 | 2 | 6 | 1 | 5  | 2  | 4  | 6  | 8  | 7  | 5  | 5  | 3  | 6  | 8  | 4  | 3  | 6  | 7  | 2  | 1  | 7  | 3  | 8  | 7  | 1  | 4  |
|  5  | 1 | 2 | 3 | 4 | 3 | 1 | 4 | 6 | 2 | 6  | 8  | 7  | 4  | 7  | 6  | 5  | 1  | 8  | 5  | 4  | 8  | 2  | 3  | 5  | 7  | 6  | 3  | 1  | 2  | 8  | 7  | 5  |
|  6  | 1 | 2 | 3 | 4 | 8 | 2 | 5 | 4 | 6 | 5  | 3  | 1  | 7  | 6  | 8  | 1  | 7  | 1  | 5  | 3  | 8  | 5  | 6  | 4  | 8  | 2  | 7  | 6  | 7  | 2  | 4  | 3  |
|  7  | 1 | 2 | 3 | 4 | 1 | 8 | 3 | 2 | 8 | 5  | 7  | 2  | 1  | 7  | 6  | 3  | 7  | 6  | 4  | 2  | 5  | 1  | 6  | 7  | 8  | 3  | 5  | 4  | 6  | 4  | 5  | 8  |
+-----+---+---+---+---+---+---+---+---+---+----+----+----+----+----+----+----+----+----+----+----+----+----+----+----+----+----+----+----+----+----+----+----+
Checking validation of the solution...
Valid solution.

Result added to Excel file: /home/kieuvantuyen2112/out/results_2024-07-20.xlsx

------------------------------------------------------------------------------------------------------------------------
Problem no. 2:
Number of groups: 6.
Players per group: 5.
Number of weeks: 5.

Variables: 4140
Clauses: 170992
Searching for a solution...
A solution was found in 0.757s.
Restarts: 157, decisions: 79381, propagations: 4578590

+------+---------------+---------------+----------------+----------------+----------------+----------------+
| Week |    Group 1    |    Group 2    |    Group 3     |    Group 4     |    Group 5     |    Group 6     |
+------+---------------+---------------+----------------+----------------+----------------+----------------+
|  1   |   1,2,3,4,5   |   6,7,8,9,10  | 11,12,13,14,15 | 16,17,18,19,20 | 21,22,23,24,25 | 26,27,28,29,30 |
|  2   |  1,6,15,18,26 |  2,9,16,25,30 | 3,11,19,22,29  |  4,7,12,21,28  |  5,8,13,17,23  | 10,14,20,24,27 |
|  3   | 1,10,11,17,30 | 2,14,18,22,28 |  3,9,13,20,21  |  4,8,15,25,29  |  5,7,16,24,26  | 6,12,19,23,27  |
|  4   |  1,9,19,24,28 |  2,7,15,20,23 | 3,14,17,25,26  |  4,6,13,22,30  | 5,10,12,18,29  | 8,11,16,21,27  |
|  5   |  1,8,12,20,22 |  2,6,17,24,29 | 3,10,15,16,28  |  4,9,11,23,26  | 5,14,19,21,30  | 7,13,18,25,27  |
+------+---------------+---------------+----------------+----------------+----------------+----------------+
+-----+---+---+---+---+---+---+---+---+---+----+----+----+----+----+----+----+----+----+----+----+----+----+----+----+----+----+----+----+----+----+
| W\P | 1 | 2 | 3 | 4 | 5 | 6 | 7 | 8 | 9 | 10 | 11 | 12 | 13 | 14 | 15 | 16 | 17 | 18 | 19 | 20 | 21 | 22 | 23 | 24 | 25 | 26 | 27 | 28 | 29 | 30 |
+-----+---+---+---+---+---+---+---+---+---+----+----+----+----+----+----+----+----+----+----+----+----+----+----+----+----+----+----+----+----+----+
|  1  | 1 | 1 | 1 | 1 | 1 | 2 | 2 | 2 | 2 | 2  | 3  | 3  | 3  | 3  | 3  | 4  | 4  | 4  | 4  | 4  | 5  | 5  | 5  | 5  | 5  | 6  | 6  | 6  | 6  | 6  |
|  2  | 1 | 2 | 3 | 4 | 5 | 1 | 4 | 5 | 2 | 6  | 3  | 4  | 5  | 6  | 1  | 2  | 5  | 1  | 3  | 6  | 4  | 3  | 5  | 6  | 2  | 1  | 6  | 4  | 3  | 2  |
|  3  | 1 | 2 | 3 | 4 | 5 | 6 | 5 | 4 | 3 | 1  | 1  | 6  | 3  | 2  | 4  | 5  | 1  | 2  | 6  | 3  | 3  | 2  | 6  | 5  | 4  | 5  | 6  | 2  | 4  | 1  |
|  4  | 1 | 2 | 3 | 4 | 5 | 4 | 2 | 6 | 1 | 5  | 6  | 5  | 4  | 3  | 2  | 6  | 3  | 5  | 1  | 2  | 6  | 4  | 2  | 1  | 3  | 3  | 6  | 1  | 5  | 4  |
|  5  | 1 | 2 | 3 | 4 | 5 | 2 | 6 | 1 | 4 | 3  | 4  | 1  | 6  | 5  | 3  | 3  | 2  | 6  | 5  | 1  | 5  | 1  | 4  | 2  | 6  | 4  | 6  | 3  | 2  | 5  |
+-----+---+---+---+---+---+---+---+---+---+----+----+----+----+----+----+----+----+----+----+----+----+----+----+----+----+----+----+----+----+----+
Checking validation of the solution...
Valid solution.

Result added to Excel file: /home/kieuvantuyen2112/out/results_2024-07-20.xlsx

------------------------------------------------------------------------------------------------------------------------
Problem no. 1:
Number of groups: 8.
Players per group: 4.
Number of weeks: 7.

Variables: 7456
Clauses: 693912
Searching for a solution...
A solution was found in 0.698s.
Restarts: 87, decisions: 43875, propagations: 2863204

+------+------------+------------+------------+-------------+-------------+-------------+-------------+-------------+
| Week |  Group 1   |  Group 2   |  Group 3   |   Group 4   |   Group 5   |   Group 6   |   Group 7   |   Group 8   |
+------+------------+------------+------------+-------------+-------------+-------------+-------------+-------------+
|  1   |  1,2,3,4   |  5,6,7,8   | 9,10,11,12 | 13,14,15,16 | 17,18,19,20 | 21,22,23,24 | 25,26,27,28 | 29,30,31,32 |
|  2   | 1,8,24,27  | 2,7,10,31  | 3,15,22,26 |  4,11,13,20 | 12,19,21,30 |  6,18,25,29 |  9,14,17,23 |  5,16,28,32 |
|  3   | 1,14,21,28 | 2,5,11,30  | 3,6,20,23  |  4,12,25,31 |  9,18,24,26 |  8,15,19,29 | 10,16,17,22 |  7,13,27,32 |
|  4   | 1,6,15,30  | 2,9,20,27  | 3,7,17,29  |  4,10,14,24 | 16,19,26,31 |  5,13,21,25 | 11,18,22,28 |  8,12,23,32 |
|  5   | 1,7,19,22  | 2,8,13,17  | 3,11,16,24 |  4,15,18,32 | 10,23,25,30 | 20,21,26,29 |  6,9,28,31  |  5,12,14,27 |
|  6   | 1,12,13,26 | 2,19,24,32 | 3,8,14,25  |  4,6,17,21  | 10,15,20,28 |  5,9,22,29  | 11,23,27,31 |  7,16,18,30 |
|  7   | 1,11,17,25 | 2,12,16,29 | 3,10,18,27 |  4,8,22,30  | 13,19,23,28 |  6,14,26,32 |  7,9,15,21  |  5,20,24,31 |
+------+------------+------------+------------+-------------+-------------+-------------+-------------+-------------+
+-----+---+---+---+---+---+---+---+---+---+----+----+----+----+----+----+----+----+----+----+----+----+----+----+----+----+----+----+----+----+----+----+----+
| W\P | 1 | 2 | 3 | 4 | 5 | 6 | 7 | 8 | 9 | 10 | 11 | 12 | 13 | 14 | 15 | 16 | 17 | 18 | 19 | 20 | 21 | 22 | 23 | 24 | 25 | 26 | 27 | 28 | 29 | 30 | 31 | 32 |
+-----+---+---+---+---+---+---+---+---+---+----+----+----+----+----+----+----+----+----+----+----+----+----+----+----+----+----+----+----+----+----+----+----+
|  1  | 1 | 1 | 1 | 1 | 2 | 2 | 2 | 2 | 3 | 3  | 3  | 3  | 4  | 4  | 4  | 4  | 5  | 5  | 5  | 5  | 6  | 6  | 6  | 6  | 7  | 7  | 7  | 7  | 8  | 8  | 8  | 8  |
|  2  | 1 | 2 | 3 | 4 | 8 | 6 | 2 | 1 | 7 | 2  | 4  | 5  | 4  | 7  | 3  | 8  | 7  | 6  | 5  | 4  | 5  | 3  | 7  | 1  | 6  | 3  | 1  | 8  | 6  | 5  | 2  | 8  |
|  3  | 1 | 2 | 3 | 4 | 2 | 3 | 8 | 6 | 5 | 7  | 2  | 4  | 8  | 1  | 6  | 7  | 7  | 5  | 6  | 3  | 1  | 7  | 3  | 5  | 4  | 5  | 8  | 1  | 6  | 2  | 4  | 8  |
|  4  | 1 | 2 | 3 | 4 | 6 | 1 | 3 | 8 | 2 | 4  | 7  | 8  | 6  | 4  | 1  | 5  | 3  | 7  | 5  | 2  | 6  | 7  | 8  | 4  | 6  | 5  | 2  | 7  | 3  | 1  | 5  | 8  |
|  5  | 1 | 2 | 3 | 4 | 8 | 7 | 1 | 2 | 7 | 5  | 3  | 8  | 2  | 8  | 4  | 3  | 2  | 4  | 1  | 6  | 6  | 1  | 5  | 3  | 5  | 6  | 8  | 7  | 6  | 5  | 7  | 4  |
|  6  | 1 | 2 | 3 | 4 | 6 | 4 | 8 | 3 | 6 | 5  | 7  | 1  | 1  | 3  | 5  | 8  | 4  | 8  | 2  | 5  | 4  | 6  | 7  | 2  | 3  | 1  | 7  | 5  | 6  | 8  | 7  | 2  |
|  7  | 1 | 2 | 3 | 4 | 8 | 6 | 7 | 4 | 7 | 3  | 1  | 2  | 5  | 6  | 7  | 2  | 1  | 3  | 5  | 8  | 7  | 4  | 5  | 8  | 1  | 6  | 3  | 5  | 2  | 4  | 8  | 6  |
+-----+---+---+---+---+---+---+---+---+---+----+----+----+----+----+----+----+----+----+----+----+----+----+----+----+----+----+----+----+----+----+----+----+
Checking validation of the solution...
Valid solution.

Result added to Excel file: /home/kieuvantuyen2112/out/results_2024-07-20.xlsx

------------------------------------------------------------------------------------------------------------------------
Problem no. 1:
Number of groups: 8.
Players per group: 3.
Number of weeks: 10.

Variables: 6672
Clauses: 819153
Searching for a solution...
A solution was found in 42.804s.
Restarts: 4857, decisions: 2346542, propagations: 112320783

+------+---------+---------+---------+----------+----------+----------+----------+----------+
| Week | Group 1 | Group 2 | Group 3 | Group 4  | Group 5  | Group 6  | Group 7  | Group 8  |
+------+---------+---------+---------+----------+----------+----------+----------+----------+
|  1   |  1,2,3  |  4,5,6  |  7,8,9  | 10,11,12 | 13,14,15 | 16,17,18 | 19,20,21 | 22,23,24 |
|  2   |  1,5,15 | 2,10,16 | 3,17,23 |  4,8,19  | 6,18,21  | 14,20,22 | 9,12,24  | 7,11,13  |
|  3   | 1,17,20 |  2,6,24 | 3,16,19 |  5,9,23  | 4,11,15  | 13,21,22 | 7,10,14  | 8,12,18  |
|  4   |  1,8,13 |  2,4,21 |  3,6,20 | 5,17,22  | 7,12,23  | 9,11,19  | 10,15,18 | 14,16,24 |
|  5   |  1,7,24 |  2,8,23 | 3,15,22 | 6,12,16  | 4,14,18  | 11,17,21 | 9,13,20  | 5,10,19  |
|  6   | 1,12,21 | 2,13,18 | 3,11,24 | 14,19,23 | 6,10,17  |  5,8,20  |  4,7,22  | 9,15,16  |
|  7   | 1,16,23 | 2,15,20 |  3,4,9  |  5,7,21  | 6,13,19  | 11,18,22 | 12,14,17 | 8,10,24  |
|  8   | 1,11,14 |  2,5,12 |  3,8,21 |  6,7,15  | 9,10,22  | 4,13,16  | 18,20,23 | 17,19,24 |
|  9   |  1,4,10 | 2,19,22 | 3,12,13 | 6,11,23  | 5,18,24  | 8,15,17  | 7,16,20  | 9,14,21  |
|  10  |  1,6,22 |  2,9,17 |  3,5,14 | 10,13,23 | 7,18,19  | 4,12,20  | 15,21,24 | 8,11,16  |
+------+---------+---------+---------+----------+----------+----------+----------+----------+
+-----+---+---+---+---+---+---+---+---+---+----+----+----+----+----+----+----+----+----+----+----+----+----+----+----+
| W\P | 1 | 2 | 3 | 4 | 5 | 6 | 7 | 8 | 9 | 10 | 11 | 12 | 13 | 14 | 15 | 16 | 17 | 18 | 19 | 20 | 21 | 22 | 23 | 24 |
+-----+---+---+---+---+---+---+---+---+---+----+----+----+----+----+----+----+----+----+----+----+----+----+----+----+
|  1  | 1 | 1 | 1 | 2 | 2 | 2 | 3 | 3 | 3 | 4  | 4  | 4  | 5  | 5  | 5  | 6  | 6  | 6  | 7  | 7  | 7  | 8  | 8  | 8  |
|  2  | 1 | 2 | 3 | 4 | 1 | 5 | 8 | 4 | 7 | 2  | 8  | 7  | 8  | 6  | 1  | 2  | 3  | 5  | 4  | 6  | 5  | 6  | 3  | 7  |
|  3  | 1 | 2 | 3 | 5 | 4 | 2 | 7 | 8 | 4 | 7  | 5  | 8  | 6  | 7  | 5  | 3  | 1  | 8  | 3  | 1  | 6  | 6  | 4  | 2  |
|  4  | 1 | 2 | 3 | 2 | 4 | 3 | 5 | 1 | 6 | 7  | 6  | 5  | 1  | 8  | 7  | 8  | 4  | 7  | 6  | 3  | 2  | 4  | 5  | 8  |
|  5  | 1 | 2 | 3 | 5 | 8 | 4 | 1 | 2 | 7 | 8  | 6  | 4  | 7  | 5  | 3  | 4  | 6  | 5  | 8  | 7  | 6  | 3  | 2  | 1  |
|  6  | 1 | 2 | 3 | 7 | 6 | 5 | 7 | 6 | 8 | 5  | 3  | 1  | 2  | 4  | 8  | 8  | 5  | 2  | 4  | 6  | 1  | 7  | 4  | 3  |
|  7  | 1 | 2 | 3 | 3 | 4 | 5 | 4 | 8 | 3 | 8  | 6  | 7  | 5  | 7  | 2  | 1  | 7  | 6  | 5  | 2  | 4  | 6  | 1  | 8  |
|  8  | 1 | 2 | 3 | 6 | 2 | 4 | 4 | 3 | 5 | 5  | 1  | 2  | 6  | 1  | 4  | 6  | 8  | 7  | 8  | 7  | 3  | 5  | 7  | 8  |
|  9  | 1 | 2 | 3 | 1 | 5 | 4 | 7 | 6 | 8 | 1  | 4  | 3  | 3  | 8  | 6  | 7  | 6  | 5  | 2  | 7  | 8  | 2  | 4  | 5  |
|  10 | 1 | 2 | 3 | 6 | 3 | 1 | 5 | 8 | 2 | 4  | 8  | 6  | 4  | 3  | 7  | 8  | 2  | 5  | 5  | 6  | 7  | 1  | 4  | 7  |
+-----+---+---+---+---+---+---+---+---+---+----+----+----+----+----+----+----+----+----+----+----+----+----+----+----+
Checking validation of the solution...
Valid solution.

Result added to Excel file: /home/kieuvantuyen2112/out/results_2024-07-20.xlsx

------------------------------------------------------------------------------------------------------------------------
Problem no. 1:
Number of groups: 8.
Players per group: 3.
Number of weeks: 10.

Variables: 6672
Clauses: 819153
Searching for a solution...
A solution was found in 17.390s.
Restarts: 1995, decisions: 1016172, propagations: 48963914

+------+---------+---------+---------+----------+----------+----------+----------+----------+
| Week | Group 1 | Group 2 | Group 3 | Group 4  | Group 5  | Group 6  | Group 7  | Group 8  |
+------+---------+---------+---------+----------+----------+----------+----------+----------+
|  1   |  1,2,3  |  4,5,6  |  7,8,9  | 10,11,12 | 13,14,15 | 16,17,18 | 19,20,21 | 22,23,24 |
|  2   | 1,21,24 |  2,8,23 |  3,5,19 | 7,11,16  | 4,13,20  | 6,12,18  | 9,10,15  | 14,17,22 |
|  3   |  1,6,23 | 2,15,20 | 3,21,22 |  5,9,11  | 7,14,24  | 4,12,16  | 8,10,18  | 13,17,19 |
|  4   | 1,14,18 |  2,4,7  | 3,15,23 | 11,13,22 | 6,10,19  | 9,16,20  | 5,17,24  | 8,12,21  |
|  5   |  1,7,12 | 2,16,22 |  3,8,17 | 6,11,21  | 13,18,23 | 9,14,19  | 5,10,20  | 4,15,24  |
|  6   | 1,11,15 | 2,10,17 |  3,4,9  | 18,19,24 | 12,14,23 |  6,8,16  | 7,20,22  | 5,13,21  |
|  7   |  1,9,17 | 2,12,19 | 3,14,16 | 7,15,21  |  5,8,22  | 6,13,24  | 4,10,23  | 11,18,20 |
|  8   |  1,8,13 | 2,18,21 | 3,10,24 |  5,7,23  | 6,14,20  | 4,11,17  | 15,16,19 | 9,12,22  |
|  9   | 1,19,22 | 2,11,24 | 3,12,20 |  4,8,14  |  6,7,17  | 10,13,16 | 9,21,23  | 5,15,18  |
|  10  |  1,5,16 |  2,6,9  |  3,7,13 | 11,19,23 | 8,20,24  | 10,14,21 | 12,15,17 | 4,18,22  |
+------+---------+---------+---------+----------+----------+----------+----------+----------+
+-----+---+---+---+---+---+---+---+---+---+----+----+----+----+----+----+----+----+----+----+----+----+----+----+----+
| W\P | 1 | 2 | 3 | 4 | 5 | 6 | 7 | 8 | 9 | 10 | 11 | 12 | 13 | 14 | 15 | 16 | 17 | 18 | 19 | 20 | 21 | 22 | 23 | 24 |
+-----+---+---+---+---+---+---+---+---+---+----+----+----+----+----+----+----+----+----+----+----+----+----+----+----+
|  1  | 1 | 1 | 1 | 2 | 2 | 2 | 3 | 3 | 3 | 4  | 4  | 4  | 5  | 5  | 5  | 6  | 6  | 6  | 7  | 7  | 7  | 8  | 8  | 8  |
|  2  | 1 | 2 | 3 | 5 | 3 | 6 | 4 | 2 | 7 | 7  | 4  | 6  | 5  | 8  | 7  | 4  | 8  | 6  | 3  | 5  | 1  | 8  | 2  | 1  |
|  3  | 1 | 2 | 3 | 6 | 4 | 1 | 5 | 7 | 4 | 7  | 4  | 6  | 8  | 5  | 2  | 6  | 8  | 7  | 8  | 2  | 3  | 3  | 1  | 5  |
|  4  | 1 | 2 | 3 | 2 | 7 | 5 | 2 | 8 | 6 | 5  | 4  | 8  | 4  | 1  | 3  | 6  | 7  | 1  | 5  | 6  | 8  | 4  | 3  | 7  |
|  5  | 1 | 2 | 3 | 8 | 7 | 4 | 1 | 3 | 6 | 7  | 4  | 1  | 5  | 6  | 8  | 2  | 3  | 5  | 6  | 7  | 4  | 2  | 5  | 8  |
|  6  | 1 | 2 | 3 | 3 | 8 | 6 | 7 | 6 | 3 | 2  | 1  | 5  | 8  | 5  | 1  | 6  | 2  | 4  | 4  | 7  | 8  | 7  | 5  | 4  |
|  7  | 1 | 2 | 3 | 7 | 5 | 6 | 4 | 5 | 1 | 7  | 8  | 2  | 6  | 3  | 4  | 3  | 1  | 8  | 2  | 8  | 4  | 5  | 7  | 6  |
|  8  | 1 | 2 | 3 | 6 | 4 | 5 | 4 | 1 | 8 | 3  | 6  | 8  | 1  | 5  | 7  | 7  | 6  | 2  | 7  | 5  | 2  | 8  | 4  | 3  |
|  9  | 1 | 2 | 3 | 4 | 8 | 5 | 5 | 4 | 7 | 6  | 2  | 3  | 6  | 4  | 8  | 6  | 5  | 8  | 1  | 3  | 7  | 1  | 7  | 2  |
|  10 | 1 | 2 | 3 | 8 | 1 | 2 | 3 | 5 | 2 | 6  | 4  | 7  | 3  | 6  | 7  | 1  | 7  | 8  | 4  | 5  | 6  | 8  | 4  | 5  |
+-----+---+---+---+---+---+---+---+---+---+----+----+----+----+----+----+----+----+----+----+----+----+----+----+----+
Checking validation of the solution...
Valid solution.

Result added to Excel file: /home/kieuvantuyen2112/out/results_2024-07-20.xlsx

------------------------------------------------------------------------------------------------------------------------
Problem no. 1:
Number of groups: 8.
Players per group: 3.
Number of weeks: 10.

Variables: 6672
Clauses: 819153
Searching for a solution...
A solution was found in 1.805s.
Restarts: 229, decisions: 123797, propagations: 5517318

+------+---------+---------+---------+----------+----------+----------+----------+----------+
| Week | Group 1 | Group 2 | Group 3 | Group 4  | Group 5  | Group 6  | Group 7  | Group 8  |
+------+---------+---------+---------+----------+----------+----------+----------+----------+
|  1   |  1,2,3  |  4,5,6  |  7,8,9  | 10,11,12 | 13,14,15 | 16,17,18 | 19,20,21 | 22,23,24 |
|  2   |  1,5,19 | 2,12,22 |  3,9,10 | 8,20,24  | 11,13,16 | 4,14,23  |  6,7,18  | 15,17,21 |
|  3   | 1,11,18 |  2,5,16 | 3,15,19 | 4,12,20  | 8,14,21  | 9,13,23  | 7,10,22  | 6,17,24  |
|  4   |  1,7,15 | 2,11,19 |  3,8,17 | 12,21,23 |  4,9,24  | 5,13,18  | 6,16,22  | 10,14,20 |
|  5   | 1,12,17 | 2,15,23 |  3,4,16 |  5,8,10  | 9,11,20  | 18,21,22 | 6,14,19  | 7,13,24  |
|  6   |  1,4,13 | 2,10,18 |  3,5,14 | 8,12,19  |  6,9,15  | 7,11,23  | 16,21,24 | 17,20,22 |
|  7   | 1,20,23 |  2,6,8  | 3,13,22 | 10,19,24 | 9,14,18  | 5,11,21  | 12,15,16 |  4,7,17  |
|  8   |  1,8,16 |  2,9,21 |  3,7,20 | 4,18,19  | 5,17,23  | 11,15,22 | 6,10,13  | 12,14,24 |
|  9   |  1,6,21 |  2,7,14 | 3,11,24 |  4,8,22  |  5,9,12  | 13,17,19 | 10,16,23 | 15,18,20 |
|  10  |  1,9,22 | 2,13,20 |  3,6,12 | 4,10,21  | 7,16,19  | 5,15,24  | 11,14,17 | 8,18,23  |
+------+---------+---------+---------+----------+----------+----------+----------+----------+
+-----+---+---+---+---+---+---+---+---+---+----+----+----+----+----+----+----+----+----+----+----+----+----+----+----+
| W\P | 1 | 2 | 3 | 4 | 5 | 6 | 7 | 8 | 9 | 10 | 11 | 12 | 13 | 14 | 15 | 16 | 17 | 18 | 19 | 20 | 21 | 22 | 23 | 24 |
+-----+---+---+---+---+---+---+---+---+---+----+----+----+----+----+----+----+----+----+----+----+----+----+----+----+
|  1  | 1 | 1 | 1 | 2 | 2 | 2 | 3 | 3 | 3 | 4  | 4  | 4  | 5  | 5  | 5  | 6  | 6  | 6  | 7  | 7  | 7  | 8  | 8  | 8  |
|  2  | 1 | 2 | 3 | 6 | 1 | 7 | 7 | 4 | 3 | 3  | 5  | 2  | 5  | 6  | 8  | 5  | 8  | 7  | 1  | 4  | 8  | 2  | 6  | 4  |
|  3  | 1 | 2 | 3 | 4 | 2 | 8 | 7 | 5 | 6 | 7  | 1  | 4  | 6  | 5  | 3  | 2  | 8  | 1  | 3  | 4  | 5  | 7  | 6  | 8  |
|  4  | 1 | 2 | 3 | 5 | 6 | 7 | 1 | 3 | 5 | 8  | 2  | 4  | 6  | 8  | 1  | 7  | 3  | 6  | 2  | 8  | 4  | 7  | 4  | 5  |
|  5  | 1 | 2 | 3 | 3 | 4 | 7 | 8 | 4 | 5 | 4  | 5  | 1  | 8  | 7  | 2  | 3  | 1  | 6  | 7  | 5  | 6  | 6  | 2  | 8  |
|  6  | 1 | 2 | 3 | 1 | 3 | 5 | 6 | 4 | 5 | 2  | 6  | 4  | 1  | 3  | 5  | 7  | 8  | 2  | 4  | 8  | 7  | 8  | 6  | 7  |
|  7  | 1 | 2 | 3 | 8 | 6 | 2 | 8 | 2 | 5 | 4  | 6  | 7  | 3  | 5  | 7  | 7  | 8  | 5  | 4  | 1  | 6  | 3  | 1  | 4  |
|  8  | 1 | 2 | 3 | 4 | 5 | 7 | 3 | 1 | 2 | 7  | 6  | 8  | 7  | 8  | 6  | 1  | 5  | 4  | 4  | 3  | 2  | 6  | 5  | 8  |
|  9  | 1 | 2 | 3 | 4 | 5 | 1 | 2 | 4 | 5 | 7  | 3  | 5  | 6  | 2  | 8  | 7  | 6  | 8  | 6  | 8  | 1  | 4  | 7  | 3  |
|  10 | 1 | 2 | 3 | 4 | 6 | 3 | 5 | 8 | 1 | 4  | 7  | 3  | 2  | 7  | 6  | 5  | 7  | 8  | 5  | 2  | 4  | 1  | 8  | 6  |
+-----+---+---+---+---+---+---+---+---+---+----+----+----+----+----+----+----+----+----+----+----+----+----+----+----+
Checking validation of the solution...
Valid solution.

Result added to Excel file: /home/kieuvantuyen2112/out/results_2024-07-20.xlsx

------------------------------------------------------------------------------------------------------------------------
Problem no. 1:
Number of groups: 6.
Players per group: 5.
Number of weeks: 5.

Variables: 4140
Clauses: 170992
Searching for a solution...
Problem no. 1:
Number of groups: 9.
Players per group: 3.
Number of weeks: 11.

Variables: 9423
Clauses: 1599315
Searching for a solution...
A solution was found in 1.826s.
Restarts: 151, decisions: 107831, propagations: 4467981

+------+---------+---------+---------+----------+----------+----------+----------+----------+----------+
| Week | Group 1 | Group 2 | Group 3 | Group 4  | Group 5  | Group 6  | Group 7  | Group 8  | Group 9  |
+------+---------+---------+---------+----------+----------+----------+----------+----------+----------+
|  1   |  1,2,3  |  4,5,6  |  7,8,9  | 10,11,12 | 13,14,15 | 16,17,18 | 19,20,21 | 22,23,24 | 25,26,27 |
|  2   | 1,15,19 |  2,4,24 |  3,8,11 | 13,16,26 |  6,7,12  | 14,23,27 | 10,17,25 | 9,21,22  | 5,18,20  |
|  3   | 1,18,26 | 2,12,13 |  3,4,23 | 5,15,17  | 9,11,19  | 8,16,20  | 6,21,27  | 7,22,25  | 10,14,24 |
|  4   | 1,13,24 |  2,8,23 |  3,5,26 | 4,10,21  | 6,18,19  | 9,12,25  | 15,16,22 | 11,20,27 | 7,14,17  |
|  5   |  1,9,23 | 2,16,27 |  3,6,13 |  5,7,21  | 11,17,24 | 14,19,25 | 4,12,26  | 10,20,22 | 8,15,18  |
|  6   | 1,11,16 |  2,6,25 |  3,7,18 | 12,14,22 |  5,9,10  | 8,21,24  | 13,19,23 | 4,15,27  | 17,20,26 |
|  7   |  1,7,10 |  2,5,14 | 3,19,22 | 11,18,21 | 12,17,27 | 8,13,25  | 15,24,26 | 6,20,23  |  4,9,16  |
|  8   |  1,5,27 |  2,9,26 | 3,14,16 | 12,21,23 |  4,7,19  | 6,11,15  | 8,17,22  | 20,24,25 | 10,13,18 |
|  9   | 1,14,21 | 2,18,22 | 3,12,20 | 8,19,27  | 7,11,26  | 4,13,17  |  6,9,24  | 10,15,23 | 5,16,25  |
|  10  |  1,6,17 | 2,15,21 |  3,9,27 | 4,14,20  | 18,23,25 |  5,8,12  | 11,13,22 | 10,19,26 | 7,16,24  |
|  11  |  1,4,22 | 2,17,19 | 3,21,25 | 8,14,26  | 7,13,27  | 12,18,24 | 9,15,20  | 6,10,16  | 5,11,23  |
+------+---------+---------+---------+----------+----------+----------+----------+----------+----------+
+-----+---+---+---+---+---+---+---+---+---+----+----+----+----+----+----+----+----+----+----+----+----+----+----+----+----+----+----+
| W\P | 1 | 2 | 3 | 4 | 5 | 6 | 7 | 8 | 9 | 10 | 11 | 12 | 13 | 14 | 15 | 16 | 17 | 18 | 19 | 20 | 21 | 22 | 23 | 24 | 25 | 26 | 27 |
+-----+---+---+---+---+---+---+---+---+---+----+----+----+----+----+----+----+----+----+----+----+----+----+----+----+----+----+----+
|  1  | 1 | 1 | 1 | 2 | 2 | 2 | 3 | 3 | 3 | 4  | 4  | 4  | 5  | 5  | 5  | 6  | 6  | 6  | 7  | 7  | 7  | 8  | 8  | 8  | 9  | 9  | 9  |
|  2  | 1 | 2 | 3 | 2 | 9 | 5 | 5 | 3 | 8 | 7  | 3  | 5  | 4  | 6  | 1  | 4  | 7  | 9  | 1  | 9  | 8  | 8  | 6  | 2  | 7  | 4  | 6  |
|  3  | 1 | 2 | 3 | 3 | 4 | 7 | 8 | 6 | 5 | 9  | 5  | 2  | 2  | 9  | 4  | 6  | 4  | 1  | 5  | 6  | 7  | 8  | 3  | 9  | 8  | 1  | 7  |
|  4  | 1 | 2 | 3 | 4 | 3 | 5 | 9 | 2 | 6 | 4  | 8  | 6  | 1  | 9  | 7  | 7  | 9  | 5  | 5  | 8  | 4  | 7  | 2  | 1  | 6  | 3  | 8  |
|  5  | 1 | 2 | 3 | 7 | 4 | 3 | 4 | 9 | 1 | 8  | 5  | 7  | 3  | 6  | 9  | 2  | 5  | 9  | 6  | 8  | 4  | 8  | 1  | 5  | 6  | 7  | 2  |
|  6  | 1 | 2 | 3 | 8 | 5 | 2 | 3 | 6 | 5 | 5  | 1  | 4  | 7  | 4  | 8  | 1  | 9  | 3  | 7  | 9  | 6  | 4  | 7  | 6  | 2  | 9  | 8  |
|  7  | 1 | 2 | 3 | 9 | 2 | 8 | 1 | 6 | 9 | 1  | 4  | 5  | 6  | 2  | 7  | 9  | 5  | 4  | 3  | 8  | 4  | 3  | 8  | 7  | 6  | 7  | 5  |
|  8  | 1 | 2 | 3 | 5 | 1 | 6 | 5 | 7 | 2 | 9  | 6  | 4  | 9  | 3  | 6  | 3  | 7  | 9  | 5  | 8  | 4  | 7  | 4  | 8  | 8  | 2  | 1  |
|  9  | 1 | 2 | 3 | 6 | 9 | 7 | 5 | 4 | 7 | 8  | 5  | 3  | 6  | 1  | 8  | 9  | 6  | 2  | 4  | 3  | 1  | 2  | 8  | 7  | 9  | 5  | 4  |
|  10 | 1 | 2 | 3 | 4 | 6 | 1 | 9 | 6 | 3 | 8  | 7  | 6  | 7  | 4  | 2  | 9  | 1  | 5  | 8  | 4  | 2  | 7  | 5  | 9  | 5  | 8  | 3  |
|  11 | 1 | 2 | 3 | 1 | 9 | 8 | 5 | 4 | 7 | 8  | 9  | 6  | 5  | 4  | 7  | 8  | 2  | 6  | 2  | 7  | 3  | 1  | 9  | 6  | 3  | 4  | 5  |
+-----+---+---+---+---+---+---+---+---+---+----+----+----+----+----+----+----+----+----+----+----+----+----+----+----+----+----+----+
Checking validation of the solution...
Valid solution.

Result added to Excel file: /home/kieuvantuyen2112/out/results_2024-07-20.xlsx

------------------------------------------------------------------------------------------------------------------------
Problem no. 2:
Number of groups: 6.
Players per group: 5.
Number of weeks: 6.

Variables: 5130
Clauses: 252890
Searching for a solution...
Time limit exceeded (600s).

Result added to Excel file: /home/kieuvantuyen2112/out/results_2024-07-20.xlsx

------------------------------------------------------------------------------------------------------------------------
Problem no. 1:
Number of groups: 9.
Players per group: 3.
Number of weeks: 11.

Variables: 9423
Clauses: 1599315
Searching for a solution...
A solution was found in 4.665s.
Restarts: 377, decisions: 255349, propagations: 11123004

+------+---------+---------+---------+----------+----------+----------+----------+----------+----------+
| Week | Group 1 | Group 2 | Group 3 | Group 4  | Group 5  | Group 6  | Group 7  | Group 8  | Group 9  |
+------+---------+---------+---------+----------+----------+----------+----------+----------+----------+
|  1   |  1,2,3  |  4,5,6  |  7,8,9  | 10,11,12 | 13,14,15 | 16,17,18 | 19,20,21 | 22,23,24 | 25,26,27 |
|  2   |  1,6,15 | 2,12,26 | 3,17,27 | 5,11,16  | 13,19,24 | 7,14,23  | 8,20,22  | 9,10,25  | 4,18,21  |
|  3   | 1,10,13 |  2,5,19 | 3,15,21 | 8,23,25  | 9,17,26  | 7,18,22  | 12,14,27 | 6,16,24  | 4,11,20  |
|  4   |  1,8,26 |  2,9,13 | 3,14,24 | 18,23,27 | 11,21,22 | 7,16,20  | 4,12,25  | 5,10,15  | 6,17,19  |
|  5   | 1,11,14 |  2,6,18 | 3,10,20 | 16,21,26 | 8,13,27  | 12,17,23 |  5,9,24  |  4,7,19  | 15,22,25 |
|  6   |  1,4,27 | 2,11,23 | 3,13,16 | 10,18,19 |  6,9,21  | 14,22,26 | 7,15,17  | 5,20,25  | 8,12,24  |
|  7   | 1,12,21 | 2,17,20 | 3,11,25 | 8,15,19  |  5,7,13  | 6,22,27  | 10,16,23 |  4,9,14  | 18,24,26 |
|  8   |  1,5,22 |  2,4,16 |  3,6,23 | 13,17,21 | 7,10,26  | 8,11,18  | 9,12,15  | 20,24,27 | 14,19,25 |
|  9   |  1,9,20 | 2,15,27 | 3,19,26 | 12,16,22 | 6,10,14  | 13,18,25 |  4,8,17  | 7,11,24  | 5,21,23  |
|  10  | 1,19,23 | 2,21,25 |  3,5,18 |  6,7,12  | 9,11,27  | 8,14,16  | 10,17,22 | 4,15,24  | 13,20,26 |
|  11  | 1,24,25 |  2,8,10 |  3,4,22 | 12,18,20 | 6,11,13  | 15,23,26 | 9,16,19  | 7,21,27  | 5,14,17  |
+------+---------+---------+---------+----------+----------+----------+----------+----------+----------+
+-----+---+---+---+---+---+---+---+---+---+----+----+----+----+----+----+----+----+----+----+----+----+----+----+----+----+----+----+
| W\P | 1 | 2 | 3 | 4 | 5 | 6 | 7 | 8 | 9 | 10 | 11 | 12 | 13 | 14 | 15 | 16 | 17 | 18 | 19 | 20 | 21 | 22 | 23 | 24 | 25 | 26 | 27 |
+-----+---+---+---+---+---+---+---+---+---+----+----+----+----+----+----+----+----+----+----+----+----+----+----+----+----+----+----+
|  1  | 1 | 1 | 1 | 2 | 2 | 2 | 3 | 3 | 3 | 4  | 4  | 4  | 5  | 5  | 5  | 6  | 6  | 6  | 7  | 7  | 7  | 8  | 8  | 8  | 9  | 9  | 9  |
|  2  | 1 | 2 | 3 | 9 | 4 | 1 | 6 | 7 | 8 | 8  | 4  | 2  | 5  | 6  | 1  | 4  | 3  | 9  | 5  | 7  | 9  | 7  | 6  | 5  | 8  | 2  | 3  |
|  3  | 1 | 2 | 3 | 9 | 2 | 8 | 6 | 4 | 5 | 1  | 9  | 7  | 1  | 7  | 3  | 8  | 5  | 6  | 2  | 9  | 3  | 6  | 4  | 8  | 4  | 5  | 7  |
|  4  | 1 | 2 | 3 | 7 | 8 | 9 | 6 | 1 | 2 | 8  | 5  | 7  | 2  | 3  | 8  | 6  | 9  | 4  | 9  | 6  | 5  | 5  | 4  | 3  | 7  | 1  | 4  |
|  5  | 1 | 2 | 3 | 8 | 7 | 2 | 8 | 5 | 7 | 3  | 1  | 6  | 5  | 1  | 9  | 4  | 6  | 2  | 8  | 3  | 4  | 9  | 6  | 7  | 9  | 4  | 5  |
|  6  | 1 | 2 | 3 | 1 | 8 | 5 | 7 | 9 | 5 | 4  | 2  | 9  | 3  | 6  | 7  | 3  | 7  | 4  | 4  | 8  | 5  | 6  | 2  | 9  | 8  | 6  | 1  |
|  7  | 1 | 2 | 3 | 8 | 5 | 6 | 5 | 4 | 8 | 7  | 3  | 1  | 5  | 8  | 4  | 7  | 2  | 9  | 4  | 2  | 1  | 6  | 7  | 9  | 3  | 9  | 6  |
|  8  | 1 | 2 | 3 | 2 | 1 | 3 | 5 | 6 | 7 | 5  | 6  | 7  | 4  | 9  | 7  | 2  | 4  | 6  | 9  | 8  | 4  | 1  | 3  | 8  | 9  | 5  | 8  |
|  9  | 1 | 2 | 3 | 7 | 9 | 5 | 8 | 7 | 1 | 5  | 8  | 4  | 6  | 5  | 2  | 4  | 7  | 6  | 3  | 1  | 9  | 4  | 9  | 8  | 6  | 3  | 2  |
|  10 | 1 | 2 | 3 | 8 | 3 | 4 | 4 | 6 | 5 | 7  | 5  | 4  | 9  | 6  | 8  | 6  | 7  | 3  | 1  | 9  | 2  | 7  | 1  | 8  | 2  | 9  | 5  |
|  11 | 1 | 2 | 3 | 3 | 9 | 5 | 8 | 2 | 7 | 2  | 5  | 4  | 5  | 9  | 6  | 7  | 9  | 4  | 7  | 4  | 8  | 3  | 6  | 1  | 1  | 6  | 8  |
+-----+---+---+---+---+---+---+---+---+---+----+----+----+----+----+----+----+----+----+----+----+----+----+----+----+----+----+----+
Checking validation of the solution...
Valid solution.

Result added to Excel file: /home/kieuvantuyen2112/out/results_2024-07-20.xlsx

------------------------------------------------------------------------------------------------------------------------
Problem no. 2:
Number of groups: 6.
Players per group: 5.
Number of weeks: 6.

Variables: 5130
Clauses: 252890
Searching for a solution...
Time limit exceeded (500s).

Result added to Excel file: /home/kieuvantuyen2112/out/results_2024-07-20.xlsx

------------------------------------------------------------------------------------------------------------------------
Problem no. 1:
Number of groups: 9.
Players per group: 3.
Number of weeks: 11.

Variables: 8673
Clauses: 1268440
Searching for a solution...
A solution was found in 21.329s.
Restarts: 1982, decisions: 1169404, propagations: 43044296

+------+---------+---------+---------+----------+----------+----------+----------+----------+----------+
| Week | Group 1 | Group 2 | Group 3 | Group 4  | Group 5  | Group 6  | Group 7  | Group 8  | Group 9  |
+------+---------+---------+---------+----------+----------+----------+----------+----------+----------+
|  1   |  1,2,3  |  4,5,6  |  7,8,9  | 10,11,12 | 13,14,15 | 16,17,18 | 19,20,21 | 22,23,24 | 25,26,27 |
|  2   | 1,18,22 |  2,7,14 | 3,12,15 | 10,16,27 | 6,11,19  | 8,13,20  | 5,23,25  | 17,21,24 |  4,9,26  |
|  3   | 1,11,16 | 2,12,17 |  3,5,22 | 9,15,20  | 8,19,24  | 7,10,18  | 13,21,25 | 6,14,26  | 4,23,27  |
|  4   | 1,12,27 |  2,6,20 | 3,10,24 | 4,14,17  | 5,21,26  | 7,11,22  | 8,15,16  | 18,19,25 | 9,13,23  |
|  5   |  1,6,9  |  2,4,16 | 3,14,27 | 17,22,25 | 5,10,13  | 12,18,21 | 7,15,19  | 20,24,26 | 8,11,23  |
|  6   |  1,8,21 | 2,18,26 |  3,6,23 | 9,12,25  | 4,15,22  | 10,17,20 | 13,16,19 | 11,14,24 |  5,7,27  |
|  7   | 1,13,26 | 2,19,27 | 3,16,21 | 18,20,23 | 11,15,17 |  5,8,14  |  6,7,12  | 9,10,22  | 4,24,25  |
|  8   | 1,10,23 |  2,5,24 |  3,8,17 | 11,13,18 | 6,15,25  | 20,22,27 |  4,7,21  | 9,14,19  | 12,16,26 |
|  9   |  1,4,19 | 2,13,22 | 3,11,26 | 6,16,24  | 9,21,27  | 8,10,25  | 7,17,23  | 5,15,18  | 12,14,20 |
|  10  |  1,7,24 | 2,10,21 |  3,4,20 |  5,9,11  | 15,23,26 | 14,16,25 | 8,18,27  | 6,13,17  | 12,19,22 |
|  11  |  1,5,17 | 2,11,25 |  3,9,18 | 4,12,13  | 15,24,27 | 14,21,23 | 7,16,20  | 10,19,26 |  6,8,22  |
+------+---------+---------+---------+----------+----------+----------+----------+----------+----------+
+-----+---+---+---+---+---+---+---+---+---+----+----+----+----+----+----+----+----+----+----+----+----+----+----+----+----+----+----+
| W\P | 1 | 2 | 3 | 4 | 5 | 6 | 7 | 8 | 9 | 10 | 11 | 12 | 13 | 14 | 15 | 16 | 17 | 18 | 19 | 20 | 21 | 22 | 23 | 24 | 25 | 26 | 27 |
+-----+---+---+---+---+---+---+---+---+---+----+----+----+----+----+----+----+----+----+----+----+----+----+----+----+----+----+----+
|  1  | 1 | 1 | 1 | 2 | 2 | 2 | 3 | 3 | 3 | 4  | 4  | 4  | 5  | 5  | 5  | 6  | 6  | 6  | 7  | 7  | 7  | 8  | 8  | 8  | 9  | 9  | 9  |
|  2  | 1 | 2 | 3 | 9 | 7 | 5 | 2 | 6 | 9 | 4  | 5  | 3  | 6  | 2  | 3  | 4  | 8  | 1  | 5  | 6  | 8  | 1  | 7  | 8  | 7  | 9  | 4  |
|  3  | 1 | 2 | 3 | 9 | 3 | 8 | 6 | 5 | 4 | 6  | 1  | 2  | 7  | 8  | 4  | 1  | 2  | 6  | 5  | 4  | 7  | 3  | 9  | 5  | 7  | 8  | 9  |
|  4  | 1 | 2 | 3 | 4 | 5 | 2 | 6 | 7 | 9 | 3  | 6  | 1  | 9  | 4  | 7  | 7  | 4  | 8  | 8  | 2  | 5  | 6  | 9  | 3  | 8  | 5  | 1  |
|  5  | 1 | 2 | 3 | 2 | 5 | 1 | 7 | 9 | 1 | 5  | 9  | 6  | 5  | 3  | 7  | 2  | 4  | 6  | 7  | 8  | 6  | 4  | 9  | 8  | 4  | 8  | 3  |
|  6  | 1 | 2 | 3 | 5 | 9 | 3 | 9 | 1 | 4 | 6  | 8  | 4  | 7  | 8  | 5  | 7  | 6  | 2  | 7  | 6  | 1  | 5  | 3  | 8  | 4  | 2  | 9  |
|  7  | 1 | 2 | 3 | 9 | 6 | 7 | 7 | 6 | 8 | 8  | 5  | 7  | 1  | 6  | 5  | 3  | 5  | 4  | 2  | 4  | 3  | 8  | 4  | 9  | 9  | 1  | 2  |
|  8  | 1 | 2 | 3 | 7 | 2 | 5 | 7 | 3 | 8 | 1  | 4  | 9  | 4  | 8  | 5  | 9  | 3  | 4  | 8  | 6  | 7  | 6  | 1  | 2  | 5  | 9  | 6  |
|  9  | 1 | 2 | 3 | 1 | 8 | 4 | 7 | 6 | 5 | 6  | 3  | 9  | 2  | 9  | 8  | 4  | 7  | 8  | 1  | 9  | 5  | 2  | 7  | 4  | 6  | 3  | 5  |
|  10 | 1 | 2 | 3 | 3 | 4 | 8 | 1 | 7 | 4 | 2  | 4  | 9  | 8  | 6  | 5  | 6  | 8  | 7  | 9  | 3  | 2  | 9  | 5  | 1  | 6  | 5  | 7  |
|  11 | 1 | 2 | 3 | 4 | 1 | 9 | 7 | 9 | 3 | 8  | 2  | 4  | 4  | 6  | 5  | 7  | 1  | 3  | 8  | 7  | 6  | 9  | 6  | 5  | 2  | 8  | 5  |
+-----+---+---+---+---+---+---+---+---+---+----+----+----+----+----+----+----+----+----+----+----+----+----+----+----+----+----+----+
Checking validation of the solution...
Valid solution.

Result added to Excel file: /home/kieuvantuyen2112/out/results_2024-07-20.xlsx

------------------------------------------------------------------------------------------------------------------------
Problem no. 2:
Number of groups: 6.
Players per group: 5.
Number of weeks: 5.

Variables: 3600
Clauses: 121674
Searching for a solution...
